d:\luyen code\luyencode\debug\vc142.pdb
d:\luyen code\luyencode\debug\vc142.idb
d:\luyen code\luyencode\debug\trainingcode.obj
d:\luyen code\luyencode\debug\luyencode2.obj
d:\luyen code\luyencode\debug\luyencode.ilk
d:\luyen code\luyencode\debug\luyencode.exe
d:\luyen code\luyencode\debug\luyencode.pdb
d:\luyen code\luyencode\debug\luyencode2.ilk
d:\luyen code\luyencode\debug\luyencode3.ilk
d:\luyen code\luyencode\debug\luyencodetonghop.ilk
d:\luyen code\luyencode\debug\luyencodetonghop2.ilk
d:\luyen code\luyencode\debug\luyencodetonghop3.ilk
d:\luyen code\luyencode\debug\luyencodetonghop4.ilk
d:\luyen code\luyencode\debug\luyencodevietchu.ilk
d:\luyen code\luyencode\debug\luyencode2.pdb
d:\luyen code\luyencode\debug\luyencode3.pdb
d:\luyen code\luyencode\debug\luyencodetonghop.pdb
d:\luyen code\luyencode\debug\luyencodetonghop2.pdb
d:\luyen code\luyencode\debug\luyencodetonghop3.pdb
d:\luyen code\luyencode\debug\luyencodetonghop4.pdb
d:\luyen code\luyencode\debug\luyencodevietchu.pdb
d:\luyen code\luyencode\debug\luyencode.tlog\cl.command.1.tlog
d:\luyen code\luyencode\debug\luyencode.tlog\cl.read.1.tlog
d:\luyen code\luyencode\debug\luyencode.tlog\cl.write.1.tlog
d:\luyen code\luyencode\debug\luyencode.tlog\link.command.1.tlog
d:\luyen code\luyencode\debug\luyencode.tlog\link.read.1.tlog
d:\luyen code\luyencode\debug\luyencode.tlog\link.write.1.tlog
